<?xml version="1.0" encoding="UTF-8"?>
<!-- Generated by org.testng.reporters.JUnitXMLReporter -->
<testsuite ignored="0" hostname="LTIN193849" failures="0" tests="3" name="Default test" time="166.949" errors="0" timestamp="2024-02-13T16:43:20 IST">
  <testcase classname="com.cognizant.test.TestCases" name="Test1" time="40.199"/>
  <testcase classname="com.cognizant.test.TestCases" name="Test2" time="40.068"/>
  <testcase classname="com.cognizant.test.TestCases" name="Test3" time="40.166"/>
</testsuite> <!-- Default test -->
