<?xml version="1.0" encoding="UTF-8"?>
<!-- Generated by org.testng.reporters.JUnitXMLReporter -->
<testsuite ignored="0" hostname="LTIN193849" failures="0" tests="3" name="Test" time="152.322" errors="0" timestamp="2024-02-15T12:24:00 IST">
  <testcase classname="com.cognizant.test.TestCases" name="Test1" time="0.981"/>
  <testcase classname="com.cognizant.test.TestCases" name="Test2" time="2.7"/>
  <testcase classname="com.cognizant.test.TestCases" name="Test3" time="84.386"/>
</testsuite> <!-- Test -->
